This is LuaHBTeX, Version 1.14.0 (MiKTeX 21.6) (format=lualatex 2021.6.20)  20 JUN 2021 19:57
 system commands enabled.
 file:line:error style messages enabled.
**main.tex
(./main.tex
LaTeX2e <2021-06-01> patch level 1
Lua module: luaotfload 2021-05-21 3.18 Lua based OpenType font support
Lua module: lualibs 2021-05-20 2.74 ConTeXt Lua standard libraries.
Lua module: lualibs-extended 2021-05-20 2.74 ConTeXt Lua libraries -- extended c
ollection.
luaotfload | conf : Root cache directory is "/Users/asvid/Library/Application Su
pport/MiKTeX/texmfs/data/luatex-cache/generic/names".
luaotfload | init : Loading fontloader "fontloader-2021-05-20.lua" from kpse-res
olved path "/Users/asvid/Library/Application Support/MiKTeX/texmfs/install/tex/l
uatex/luaotfload/fontloader-2021-05-20.lua".
Lua-only attribute luaotfload@noligature = 1
Lua-only attribute luaotfload@syllabe = 2
luaotfload | init : Context OpenType loader version 3.116
Inserting `luaotfload.node_processor' at position 1 in `pre_linebreak_filter'.
Inserting `luaotfload.node_processor' at position 1 in `hpack_filter'.
Inserting `luaotfload.glyph_stream' at position 1 in `glyph_stream_provider'.
Inserting `luaotfload.define_font' at position 1 in `define_font'.
Lua-only attribute luaotfload_color_attribute = 3
luaotfload | conf : Root cache directory is "/Users/asvid/Library/Application Su
pport/MiKTeX/texmfs/data/luatex-cache/generic/names".
Inserting `luaotfload.harf.strip_prefix' at position 1 in `find_opentype_file'.
Inserting `luaotfload.harf.strip_prefix' at position 1 in `find_truetype_file'.
Inserting `luaotfload.harf.finalize_vlist' at position 1 in `post_linebreak_filt
er'.
Inserting `luaotfload.harf.finalize_hlist' at position 2 in `hpack_filter'.
Inserting `luaotfload.cleanup_files' at position 1 in `wrapup_run'.
Inserting `luaotfload.harf.finalize_unicode' at position 1 in `finish_pdffile'.
Inserting `luaotfload.glyphinfo' at position 1 in `glyph_info'.
Lua-only attribute luaotfload.letterspace_done = 4
Inserting `luaotfload.aux.set_sscale_dimens' at position 1 in `luaotfload.patch_
font'.
Inserting `luaotfload.aux.set_font_index' at position 2 in `luaotfload.patch_fon
t'.
Inserting `luaotfload.aux.patch_cambria_domh' at position 3 in `luaotfload.patch
_font'.
Inserting `luaotfload.aux.fixup_fontdata' at position 1 in `luaotfload.patch_fon
t_unsafe'.
Inserting `luaotfload.aux.set_capheight' at position 4 in `luaotfload.patch_font
'.
Inserting `luaotfload.aux.set_xheight' at position 5 in `luaotfload.patch_font'.
Inserting `luaotfload.rewrite_fontname' at position 6 in `luaotfload.patch_font'
. L3 programming layer <2021-06-01>
Inserting `tracingstacklevels' at position 1 in `input_level_string'.
("/Users/asvid/Library/Application Support/MiKTeX/texmfs/install/tex/latex/base
/article.cls"
Document Class: article 2021/02/12 v1.4n Standard LaTeX document class

("/Users/asvid/Library/Application Support/MiKTeX/texmfs/install/tex/latex/base
/size10.clo"
File: size10.clo 2021/02/12 v1.4n Standard LaTeX file (size option)
luaotfload | db : Font names database loaded from /Users/asvid/Library/Applicati
on Support/MiKTeX/texmfs/data/luatex-cache/generic/names/luaotfload-names.luc)
\c@part=\count179
\c@section=\count180
\c@subsection=\count181
\c@subsubsection=\count182
\c@paragraph=\count183
\c@subparagraph=\count184
\c@figure=\count185
\c@table=\count186
\abovecaptionskip=\skip47
\belowcaptionskip=\skip48
\bibindent=\dimen138
)
("/Users/asvid/Library/Application Support/MiKTeX/texmfs/install/tex/latex/base
/inputenc.sty"
Package: inputenc 2021/02/14 v1.3d Input encoding file
\inpenc@prehook=\toks16
\inpenc@posthook=\toks17


Package inputenc Warning: inputenc package ignored with utf8 based engines.

)
("/Users/asvid/Library/Application Support/MiKTeX/texmfs/install/tex/generic/ba
bel/babel.sty"
Package: babel 2021/06/02 3.60 The Babel package

("/Users/asvid/Library/Application Support/MiKTeX/texmfs/install/tex/generic/ba
bel/babel.def"
File: babel.def 2021/06/02 3.60 Babel common definitions

("/Users/asvid/Library/Application Support/MiKTeX/texmfs/install/tex/generic/ba
bel/luababel.def"
\bbl@readstream=\read2
\babelcatcodetablenum=\catcodetable12
\bbl@pattcodes=\catcodetable13
)
\babel@savecnt=\count187
\U@D=\dimen139
\l@unhyphenated=\language1

("/Users/asvid/Library/Application Support/MiKTeX/texmfs/install/tex/generic/ba
bel/luababel.def"
\bbl@attr@locale=\attribute5
))
*************************************
* Local config file bblopts.cfg used
*

("/Users/asvid/Library/Application Support/MiKTeX/texmfs/install/tex/latex/arab
i/bblopts.cfg"
File: bblopts.cfg 2005/09/08 v0.1 add Arabic and Farsi to "declared" options of
 babel
)
("/Users/asvid/Library/Application Support/MiKTeX/texmfs/install/tex/latex/babe
l-english/english.ldf"
Language: english 2017/06/06 v3.3r English support from the babel system
Package babel Info: No hyphenation patterns were set for
(babel)             language 'english'. Reported on input line 191.
))
("/Users/asvid/Library/Application Support/MiKTeX/texmfs/install/tex/latex/geom
etry/geometry.sty"
Package: geometry 2020/01/02 v5.9 Page Geometry

("/Users/asvid/Library/Application Support/MiKTeX/texmfs/install/tex/latex/grap
hics/keyval.sty"
Package: keyval 2014/10/28 v1.15 key=value parser (DPC)
\KV@toks@=\toks18
)
("/Users/asvid/Library/Application Support/MiKTeX/texmfs/install/tex/generic/if
tex/ifvtex.sty"
Package: ifvtex 2019/10/25 v1.7 ifvtex legacy package. Use iftex instead.

("/Users/asvid/Library/Application Support/MiKTeX/texmfs/install/tex/generic/if
tex/iftex.sty"
Package: iftex 2020/03/06 v1.0d TeX engine tests
))
\Gm@cnth=\count188
\Gm@cntv=\count189
\c@Gm@tempcnt=\count190
\Gm@bindingoffset=\dimen140
\Gm@wd@mp=\dimen141
\Gm@odd@mp=\dimen142
\Gm@even@mp=\dimen143
\Gm@layoutwidth=\dimen144
\Gm@layoutheight=\dimen145
\Gm@layouthoffset=\dimen146
\Gm@layoutvoffset=\dimen147
\Gm@dimlist=\toks19

("/Users/asvid/Library/Application Support/MiKTeX/texmfs/install/tex/latex/geom
etry/geometry.cfg"))
("/Users/asvid/Library/Application Support/MiKTeX/texmfs/install/tex/latex/xcol
or/xcolor.sty"
Package: xcolor 2016/05/11 v2.12 LaTeX color extensions (UK)

("/Users/asvid/Library/Application Support/MiKTeX/texmfs/install/tex/latex/grap
hics-cfg/color.cfg"
File: color.cfg 2016/01/02 v1.6 sample color configuration
)
Package xcolor Info: Driver file: luatex.def on input line 225.

("/Users/asvid/Library/Application Support/MiKTeX/texmfs/install/tex/latex/grap
hics-def/luatex.def"
File: luatex.def 2021/06/01 v1.2c Graphics/color driver for luatex
)
Package xcolor Info: Model `cmy' substituted by `cmy0' on input line 1348.
Package xcolor Info: Model `hsb' substituted by `rgb' on input line 1352.
Package xcolor Info: Model `RGB' extended on input line 1364.
Package xcolor Info: Model `HTML' substituted by `rgb' on input line 1366.
Package xcolor Info: Model `Hsb' substituted by `hsb' on input line 1367.
Package xcolor Info: Model `tHsb' substituted by `hsb' on input line 1368.
Package xcolor Info: Model `HSB' substituted by `hsb' on input line 1369.
Package xcolor Info: Model `Gray' substituted by `gray' on input line 1370.
Package xcolor Info: Model `wave' substituted by `hsb' on input line 1371.

("/Users/asvid/Library/Application Support/MiKTeX/texmfs/install/tex/latex/grap
hics/dvipsnam.def"
File: dvipsnam.def 2016/06/17 v3.0m Driver-dependent file (DPC,SPQR)
))
("/Users/asvid/Library/Application Support/MiKTeX/texmfs/install/tex/latex/list
ings/listings.sty"
\lst@mode=\count191
\lst@gtempboxa=\box50
\lst@token=\toks20
\lst@length=\count192
\lst@currlwidth=\dimen148
\lst@column=\count193
\lst@pos=\count194
\lst@lostspace=\dimen149
\lst@width=\dimen150
\lst@newlines=\count195
\lst@lineno=\count196
\lst@maxwidth=\dimen151

("/Users/asvid/Library/Application Support/MiKTeX/texmfs/install/tex/latex/list
ings/lstmisc.sty"
File: lstmisc.sty 2020/03/24 1.8d (Carsten Heinz)
\c@lstnumber=\count197
\lst@skipnumbers=\count198
\lst@framebox=\box51
)
("/Users/asvid/Library/Application Support/MiKTeX/texmfs/install/tex/latex/list
ings/listings.cfg"
File: listings.cfg 2020/03/24 1.8d listings configuration
))
Package: listings 2020/03/24 1.8d (Carsten Heinz)

("/Users/asvid/Library/Application Support/MiKTeX/texmfs/install/tex/latex/svg/
svg.sty"
Package: svg 2020/11/26 v2.02k (include SVG pictures)

("/Users/asvid/Library/Application Support/MiKTeX/texmfs/install/tex/latex/koma
-script/scrbase.sty"
Package: scrbase 2021/03/17 v3.33 KOMA-Script package (KOMA-Script-independent 
basics and keyval usage)

("/Users/asvid/Library/Application Support/MiKTeX/texmfs/install/tex/latex/koma
-script/scrlfile.sty"
Package: scrlfile 2021/03/17 v3.33 KOMA-Script package (file load hooks)

("/Users/asvid/Library/Application Support/MiKTeX/texmfs/install/tex/latex/koma
-script/scrlfile-hook.sty"
Package: scrlfile-hook 2021/03/17 v3.33 KOMA-Script package (using LaTeX hooks)


("/Users/asvid/Library/Application Support/MiKTeX/texmfs/install/tex/latex/koma
-script/scrlogo.sty"
Package: scrlogo 2021/03/17 v3.33 KOMA-Script package (logo)
)))
Applying: [2021/05/01] Usage of raw option list on input line 252.
Already applied: [0000/00/00] compatibility for LaTeX before 2021/05/01 on inpu
t line 337.
)
("/Users/asvid/Library/Application Support/MiKTeX/texmfs/install/tex/generic/pd
ftexcmds/pdftexcmds.sty"
Package: pdftexcmds 2020-06-27 v0.33 Utility functions of pdfTeX for LuaTeX (HO
)

("/Users/asvid/Library/Application Support/MiKTeX/texmfs/install/tex/generic/in
fwarerr/infwarerr.sty"
Package: infwarerr 2019/12/03 v1.5 Providing info/warning/error messages (HO)
)
("/Users/asvid/Library/Application Support/MiKTeX/texmfs/install/tex/generic/lt
xcmds/ltxcmds.sty"
Package: ltxcmds 2020-05-10 v1.25 LaTeX kernel commands for general use (HO)
)
Package pdftexcmds Info: \pdf@primitive is available.
Package pdftexcmds Info: \pdf@ifprimitive is available.
Package pdftexcmds Info: \pdfdraftmode found.
\pdftexcmds@toks=\toks21
)
("/Users/asvid/Library/Application Support/MiKTeX/texmfs/install/tex/latex/trim
spaces/trimspaces.sty"
Package: trimspaces 2009/09/17 v1.1 Trim spaces around a token list
)
("/Users/asvid/Library/Application Support/MiKTeX/texmfs/install/tex/latex/grap
hics/graphicx.sty"
Package: graphicx 2020/12/05 v1.2c Enhanced LaTeX Graphics (DPC,SPQR)

("/Users/asvid/Library/Application Support/MiKTeX/texmfs/install/tex/latex/grap
hics/graphics.sty"
Package: graphics 2021/03/04 v1.4d Standard LaTeX Graphics (DPC,SPQR)

("/Users/asvid/Library/Application Support/MiKTeX/texmfs/install/tex/latex/grap
hics/trig.sty"
Package: trig 2016/01/03 v1.10 sin cos tan (DPC)
)
("/Users/asvid/Library/Application Support/MiKTeX/texmfs/install/tex/latex/grap
hics-cfg/graphics.cfg"
File: graphics.cfg 2016/06/04 v1.11 sample graphics configuration
)
Package graphics Info: Driver file: luatex.def on input line 107.
)
\Gin@req@height=\dimen152
\Gin@req@width=\dimen153
)
("/Users/asvid/Library/Application Support/MiKTeX/texmfs/install/tex/latex/tool
s/shellesc.sty"
Package: shellesc 2019/11/08 v1.0c unified shell escape interface for LaTeX
Package shellesc Info: Unrestricted shell escape enabled on input line 75.
)
("/Users/asvid/Library/Application Support/MiKTeX/texmfs/install/tex/latex/ifpl
atform/ifplatform.sty"
Package: ifplatform 2017/10/13 v0.4a Testing for the operating system

("/Users/asvid/Library/Application Support/MiKTeX/texmfs/install/tex/generic/ca
tchfile/catchfile.sty"
Package: catchfile 2019/12/09 v1.8 Catch the contents of a file (HO)

("/Users/asvid/Library/Application Support/MiKTeX/texmfs/install/tex/generic/et
excmds/etexcmds.sty"
Package: etexcmds 2019/12/15 v1.7 Avoid name clashes with e-TeX commands (HO)
))
("/Users/asvid/Library/Application Support/MiKTeX/texmfs/install/tex/generic/if
tex/ifluatex.sty"
Package: ifluatex 2019/10/25 v1.5 ifluatex legacy package. Use iftex instead.
)
runsystem(uname -s > "main.w18")...executed
 (./main.w18)
runsystem(rm -- "main.w18")...executed
)
\c@svg@param@lastpage=\count199
\svg@box=\box52
\c@svg@param@currpage=\count266
)
("/Users/asvid/Library/Application Support/MiKTeX/texmfs/install/tex/latex/tran
sparent/transparent.sty"
Package: transparent 2019/11/29 v1.4 Transparency via pdfTeX's color stack (HO)


("/Users/asvid/Library/Application Support/MiKTeX/texmfs/install/tex/latex/auxh
ook/auxhook.sty"
Package: auxhook 2019-12-17 v1.6 Hooks for auxiliary files (HO)
))
("/Users/asvid/Library/Application Support/MiKTeX/texmfs/install/tex/latex/pgf/
systemlayer/pgfsys.sty"
("/Users/asvid/Library/Application Support/MiKTeX/texmfs/install/tex/latex/pgf/
utilities/pgfrcs.sty"
("/Users/asvid/Library/Application Support/MiKTeX/texmfs/install/tex/generic/pg
f/utilities/pgfutil-common.tex"
\pgfutil@everybye=\toks22
\pgfutil@tempdima=\dimen154
\pgfutil@tempdimb=\dimen155

("/Users/asvid/Library/Application Support/MiKTeX/texmfs/install/tex/generic/pg
f/utilities/pgfutil-common-lists.tex"))
("/Users/asvid/Library/Application Support/MiKTeX/texmfs/install/tex/generic/pg
f/utilities/pgfutil-latex.def"
\pgfutil@abb=\box53
)
("/Users/asvid/Library/Application Support/MiKTeX/texmfs/install/tex/generic/pg
f/utilities/pgfrcs.code.tex"
("/Users/asvid/Library/Application Support/MiKTeX/texmfs/install/tex/generic/pg
f/pgf.revision.tex")
Package: pgfrcs 2021/05/15 v3.1.9a (3.1.9a)
))
("/Users/asvid/Library/Application Support/MiKTeX/texmfs/install/tex/generic/pg
f/systemlayer/pgfsys.code.tex"
Package: pgfsys 2021/05/15 v3.1.9a (3.1.9a)

("/Users/asvid/Library/Application Support/MiKTeX/texmfs/install/tex/generic/pg
f/utilities/pgfkeys.code.tex"
\pgfkeys@pathtoks=\toks23
\pgfkeys@temptoks=\toks24

("/Users/asvid/Library/Application Support/MiKTeX/texmfs/install/tex/generic/pg
f/utilities/pgfkeysfiltered.code.tex"
\pgfkeys@tmptoks=\toks25
))
\pgf@x=\dimen156
\pgf@y=\dimen157
\pgf@xa=\dimen158
\pgf@ya=\dimen159
\pgf@xb=\dimen160
\pgf@yb=\dimen161
\pgf@xc=\dimen162
\pgf@yc=\dimen163
\pgf@xd=\dimen164
\pgf@yd=\dimen165
\w@pgf@writea=\write3
\r@pgf@reada=\read3
\c@pgf@counta=\count267
\c@pgf@countb=\count268
\c@pgf@countc=\count269
\c@pgf@countd=\count270
\t@pgf@toka=\toks26
\t@pgf@tokb=\toks27
\t@pgf@tokc=\toks28
\pgf@sys@id@count=\count271

("/Users/asvid/Library/Application Support/MiKTeX/texmfs/install/tex/generic/pg
f/systemlayer/pgf.cfg"
File: pgf.cfg 2021/05/15 v3.1.9a (3.1.9a)
)
Driver file for pgf: pgfsys-luatex.def

("/Users/asvid/Library/Application Support/MiKTeX/texmfs/install/tex/generic/pg
f/systemlayer/pgfsys-luatex.def"
File: pgfsys-luatex.def 2021/05/15 v3.1.9a (3.1.9a)

("/Users/asvid/Library/Application Support/MiKTeX/texmfs/install/tex/generic/pg
f/systemlayer/pgfsys-common-pdf.def"
File: pgfsys-common-pdf.def 2021/05/15 v3.1.9a (3.1.9a)
)))
("/Users/asvid/Library/Application Support/MiKTeX/texmfs/install/tex/generic/pg
f/systemlayer/pgfsyssoftpath.code.tex"
File: pgfsyssoftpath.code.tex 2021/05/15 v3.1.9a (3.1.9a)
\pgfsyssoftpath@smallbuffer@items=\count272
\pgfsyssoftpath@bigbuffer@items=\count273
)
("/Users/asvid/Library/Application Support/MiKTeX/texmfs/install/tex/generic/pg
f/systemlayer/pgfsysprotocol.code.tex"
File: pgfsysprotocol.code.tex 2021/05/15 v3.1.9a (3.1.9a)
))
("/Users/asvid/Library/Application Support/MiKTeX/texmfs/install/tex/latex/amsm
ath/amsmath.sty"
Package: amsmath 2021/04/20 v2.17j AMS math features
\@mathmargin=\skip49

For additional information on amsmath, use the `?' option.

("/Users/asvid/Library/Application Support/MiKTeX/texmfs/install/tex/latex/amsm
ath/amstext.sty"
Package: amstext 2000/06/29 v2.01 AMS text

("/Users/asvid/Library/Application Support/MiKTeX/texmfs/install/tex/latex/amsm
ath/amsgen.sty"
File: amsgen.sty 1999/11/30 v2.0 generic functions
\@emptytoks=\toks29
\ex@=\dimen166
))
("/Users/asvid/Library/Application Support/MiKTeX/texmfs/install/tex/latex/amsm
ath/amsbsy.sty"
Package: amsbsy 1999/11/29 v1.2d Bold Symbols
\pmbraise@=\dimen167
)
("/Users/asvid/Library/Application Support/MiKTeX/texmfs/install/tex/latex/amsm
ath/amsopn.sty"
Package: amsopn 2016/03/08 v2.02 operator names
)
\inf@bad=\count274
LaTeX Info: Redefining \frac on input line 236.
\uproot@=\count275
\leftroot@=\count276
LaTeX Info: Redefining \overline on input line 399.
\classnum@=\count277
\DOTSCASE@=\count278
LaTeX Info: Redefining \ldots on input line 496.
LaTeX Info: Redefining \dots on input line 499.
LaTeX Info: Redefining \cdots on input line 620.
\Mathstrutbox@=\box54
\strutbox@=\box55
\big@size=\dimen168
LaTeX Font Info:    Redeclaring font encoding OML on input line 743.
LaTeX Font Info:    Redeclaring font encoding OMS on input line 744.
\macc@depth=\count279
\c@MaxMatrixCols=\count280
\dotsspace@=\muskip16
\c@parentequation=\count281
\dspbrk@lvl=\count282
\tag@help=\toks30
\row@=\count283
\column@=\count284
\maxfields@=\count285
\andhelp@=\toks31
\eqnshift@=\dimen169
\alignsep@=\dimen170
\tagshift@=\dimen171
\tagwidth@=\dimen172
\totwidth@=\dimen173
\lineht@=\dimen174
\@envbody=\toks32
\multlinegap=\skip50
\multlinetaggap=\skip51
\mathdisplay@stack=\toks33
LaTeX Info: Redefining \[ on input line 2923.
LaTeX Info: Redefining \] on input line 2924.
) (./kotlin_def.tex)
("/Users/asvid/Library/Application Support/MiKTeX/texmfs/install/tex/latex/l3ba
ckend/l3backend-luatex.def"
File: l3backend-luatex.def 2021-05-07 L3 backend support: PDF output (LuaTeX)
\l__color_backend_stack_int=\count286
\l__pdf_internal_box=\box56
)
("/Users/asvid/repo/Latex Test with IntelliJK/out/main.aux"
Package babel Info: No hyphenation patterns were set for
(babel)             language 'english'. Reported on input line 5.
)
\openout1 = main.aux

LaTeX Font Info:    Checking defaults for OML/cmm/m/it on input line 32.
LaTeX Font Info:    ... okay on input line 32.
LaTeX Font Info:    Checking defaults for OMS/cmsy/m/n on input line 32.
LaTeX Font Info:    ... okay on input line 32.
LaTeX Font Info:    Checking defaults for OT1/cmr/m/n on input line 32.
LaTeX Font Info:    ... okay on input line 32.
LaTeX Font Info:    Checking defaults for T1/cmr/m/n on input line 32.
LaTeX Font Info:    ... okay on input line 32.
LaTeX Font Info:    Checking defaults for TS1/cmr/m/n on input line 32.
LaTeX Font Info:    Trying to load font information for TS1+cmr on input line 3
2.

("/Users/asvid/Library/Application Support/MiKTeX/texmfs/install/tex/latex/base
/ts1cmr.fd"
File: ts1cmr.fd 2019/12/16 v2.5j Standard LaTeX font definitions
)
LaTeX Font Info:    ... okay on input line 32.
LaTeX Font Info:    Checking defaults for TU/lmr/m/n on input line 32.
LaTeX Font Info:    ... okay on input line 32.
LaTeX Font Info:    Checking defaults for OMX/cmex/m/n on input line 32.
LaTeX Font Info:    ... okay on input line 32.
LaTeX Font Info:    Checking defaults for U/cmr/m/n on input line 32.
LaTeX Font Info:    ... okay on input line 32.
Package babel Info: No hyphenation patterns were set for
(babel)             language 'english'. Reported on input line 32.

*geometry* driver: auto-detecting
*geometry* detected driver: luatex
*geometry* verbose mode - [ preamble ] result:
* driver: luatex
* paper: <default>
* layout: <same size as paper>
* layoutoffset:(h,v)=(0.0pt,0.0pt)
* modes: 
* h-part:(L,W,R)=(92.14519pt, 294.52777pt, 227.62204pt)
* v-part:(T,H,B)=(56.9055pt, 642.66711pt, 95.39737pt)
* \paperwidth=614.295pt
* \paperheight=794.96999pt
* \textwidth=294.52777pt
* \textheight=642.66711pt
* \oddsidemargin=19.8752pt
* \evensidemargin=19.8752pt
* \topmargin=-52.36449pt
* \headheight=12.0pt
* \headsep=25.0pt
* \topskip=10.0pt
* \footskip=30.0pt
* \marginparwidth=65.0pt
* \marginparsep=11.0pt
* \columnsep=10.0pt
* \skip\footins=9.0pt plus 4.0pt minus 2.0pt
* \hoffset=0.0pt
* \voffset=0.0pt
* \mag=1000
* \@twocolumnfalse
* \@twosidefalse
* \@mparswitchfalse
* \@reversemarginfalse
* (1in=72.27pt=25.4mm, 1cm=28.453pt)


("/Users/asvid/Library/Application Support/MiKTeX/texmfs/install/tex/context/ba
se/mkii/supp-pdf.mkii"
[Loading MPS to PDF converter (version 2006.09.02).]
\scratchcounter=\count287
\scratchdimen=\dimen175
\scratchbox=\box57
\nofMPsegments=\count288
\nofMParguments=\count289
\everyMPshowfont=\toks34
\MPscratchCnt=\count290
\MPscratchDim=\dimen176
\MPnumerator=\count291
\makeMPintoPDFobject=\count292
\everyMPtoPDFconversion=\toks35
)
("/Users/asvid/Library/Application Support/MiKTeX/texmfs/install/tex/latex/epst
opdf-pkg/epstopdf-base.sty"
Package: epstopdf-base 2020-01-24 v2.11 Base part for package epstopdf

("/Users/asvid/Library/Application Support/MiKTeX/texmfs/install/tex/latex/grfe
xt/grfext.sty"
Package: grfext 2019/12/03 v1.3 Manage graphics extensions (HO)

("/Users/asvid/Library/Application Support/MiKTeX/texmfs/install/tex/generic/kv
definekeys/kvdefinekeys.sty"
Package: kvdefinekeys 2019-12-19 v1.6 Define keys (HO)
))
("/Users/asvid/Library/Application Support/MiKTeX/texmfs/install/tex/latex/kvop
tions/kvoptions.sty"
Package: kvoptions 2020-10-07 v3.14 Key value format for package options (HO)

("/Users/asvid/Library/Application Support/MiKTeX/texmfs/install/tex/generic/kv
setkeys/kvsetkeys.sty"
Package: kvsetkeys 2019/12/15 v1.18 Key value parser (HO)
))
Package epstopdf-base Info: Redefining graphics rule for `.eps' on input line 4
85.
Package grfext Info: Graphics extension search list:
(grfext)             [.pdf,.png,.jpg,.mps,.jpeg,.jbig2,.jb2,.PDF,.PNG,.JPG,.JPE
G,.JBIG2,.JB2,.eps]
(grfext)             \AppendGraphicsExtensions on input line 504.

("/Users/asvid/Library/Application Support/MiKTeX/texmfs/install/tex/latex/00mi
ktex/epstopdf-sys.cfg"
File: epstopdf-sys.cfg 2021/03/18 v2.0 Configuration of epstopdf for MiKTeX
))
\c@lstlisting=\count293
 (./Simple.kt)
Package svg Info: Calling Inkscape on input line 38.
runsystem(inkscape "test.svg" -D --export-latex --export-filename="test_svg-tex.
pdf")...executed
runsystem(mkdir -p "./svg-inkscape/")...executed
runsystem(mv "test_svg-tex.pdf" "./svg-inkscape/test_svg-tex.pdf")...executed
runsystem(mv "test_svg-tex.pdf_tex" "./svg-inkscape/test_svg-tex.pdf_tex")...exe
cuted
Package svg Info: Last page of `./svg-inkscape/test_svg-tex.pdf' is 7 on input 
line 38.
 (./svg-inkscape/test_svg-tex.pdf_tex
<./svg-inkscape/test_svg-tex.pdf, id=5, page=1, 281.37366pt x 163.88559pt>
File: ./svg-inkscape/test_svg-tex.pdf Graphic file (type pdf)
<use ./svg-inkscape/test_svg-tex.pdf, page 1>
Package luatex.def Info: ./svg-inkscape/test_svg-tex.pdf , page1 used on input 
line 56.
(luatex.def)             Requested size: 281.37366pt x 163.90018pt.
<./svg-inkscape/test_svg-tex.pdf, id=6, page=2, 281.37366pt x 163.88559pt>
File: ./svg-inkscape/test_svg-tex.pdf Graphic file (type pdf)
<use ./svg-inkscape/test_svg-tex.pdf, page 2>
Package luatex.def Info: ./svg-inkscape/test_svg-tex.pdf , page2 used on input 
line 58.
(luatex.def)             Requested size: 281.37366pt x 163.90018pt.
<./svg-inkscape/test_svg-tex.pdf, id=7, page=3, 281.37366pt x 163.88559pt>
File: ./svg-inkscape/test_svg-tex.pdf Graphic file (type pdf)
<use ./svg-inkscape/test_svg-tex.pdf, page 3>
Package luatex.def Info: ./svg-inkscape/test_svg-tex.pdf , page3 used on input 
line 60.
(luatex.def)             Requested size: 281.37366pt x 163.90018pt.
<./svg-inkscape/test_svg-tex.pdf, id=8, page=4, 281.37366pt x 163.88559pt>
File: ./svg-inkscape/test_svg-tex.pdf Graphic file (type pdf)
<use ./svg-inkscape/test_svg-tex.pdf, page 4>
Package luatex.def Info: ./svg-inkscape/test_svg-tex.pdf , page4 used on input 
line 62.
(luatex.def)             Requested size: 281.37366pt x 163.90018pt.
<./svg-inkscape/test_svg-tex.pdf, id=9, page=5, 281.37366pt x 163.88559pt>
File: ./svg-inkscape/test_svg-tex.pdf Graphic file (type pdf)
<use ./svg-inkscape/test_svg-tex.pdf, page 5>
Package luatex.def Info: ./svg-inkscape/test_svg-tex.pdf , page5 used on input 
line 64.
(luatex.def)             Requested size: 281.37366pt x 163.90018pt.
<./svg-inkscape/test_svg-tex.pdf, id=10, page=6, 281.37366pt x 163.88559pt>
File: ./svg-inkscape/test_svg-tex.pdf Graphic file (type pdf)
<use ./svg-inkscape/test_svg-tex.pdf, page 6>
Package luatex.def Info: ./svg-inkscape/test_svg-tex.pdf , page6 used on input 
line 66.
(luatex.def)             Requested size: 281.37366pt x 163.90018pt.
<./svg-inkscape/test_svg-tex.pdf, id=11, page=7, 281.37366pt x 163.88559pt>
File: ./svg-inkscape/test_svg-tex.pdf Graphic file (type pdf)
<use ./svg-inkscape/test_svg-tex.pdf, page 7>
Package luatex.def Info: ./svg-inkscape/test_svg-tex.pdf , page7 used on input 
line 70.
(luatex.def)             Requested size: 281.37366pt x 163.90018pt.
)
[1

{/Users/asvid/Library/Application Support/MiKTeX/texmfs/data/pdftex/config/pdfte
x.map}<./svg-inkscape/test_svg-tex.pdf><./svg-inkscape/test_svg-tex.pdf><./svg-i
nkscape/test_svg-tex.pdf><./svg-inkscape/test_svg-tex.pdf><./svg-inkscape/test_s
vg-tex.pdf><./svg-inkscape/test_svg-tex.pdf><./svg-inkscape/test_svg-tex.pdf>] 
("/Users/asvid/repo/Latex Test with IntelliJK/out/main.aux"
Package babel Info: No hyphenation patterns were set for
(babel)             language 'english'. Reported on input line 5.
))

Here is how much of LuaTeX's memory you used:
 8397 strings out of 478071
 100000,552014 words of node,token memory allocated
 500 words of node memory still in use:
   6 hlist, 2 vlist, 2 rule, 2 glue, 4 kern, 1 glyph, 13 attribute, 51 glue_spec
, 8 attribute_list, 2 write nodes
   avail lists: 2:965,3:93,4:138,5:308,6:18,7:1116,8:1,9:766
 28276 multiletter control sequences out of 65536+600000
 41 fonts using 4178159 bytes
 94i,14n,89p,640b,859s stack positions out of 5000i,500n,10000p,200000b,80000s
</Users/asvid/Library/Application Support/MiKTeX/texmfs/install/fonts/opentype/p
ublic/lm/lmroman10-italic.otf></Users/asvid/Library/Application Support/MiKTeX/t
exmfs/install/fonts/opentype/public/lm/lmmono8-regular.otf></Users/asvid/Library
/Application Support/MiKTeX/texmfs/install/fonts/opentype/public/lm/lmsans8-regu
lar.otf></Users/asvid/Library/Application Support/MiKTeX/texmfs/install/fonts/op
entype/public/lm/lmsans10-bold.otf></Users/asvid/Library/Application Support/MiK
TeX/texmfs/install/fonts/opentype/public/lm/lmroman5-regular.otf></Users/asvid/L
ibrary/Application Support/MiKTeX/texmfs/install/fonts/opentype/public/lm/lmroma
n10-regular.otf>
Output written on main.pdf (1 page, 37530 bytes).

PDF statistics: 79 PDF objects out of 1000 (max. 8388607)
 0 named destinations out of 1000 (max. 131072)
 16 words of extra memory for PDF output out of 10000 (max. 100000000)

